<?xml version="1.0" encoding="UTF-8"?>
<!-- Generated by org.testng.reporters.JUnitReportReporter -->
<testsuite hostname="DESKTOP-PB38U25" failures="0" tests="2" name="com.qa.testcases.LoginTestMO" time="14.564" errors="0" timestamp="2022-06-22T16:43:52 IST" skipped="0">
  <testcase classname="com.qa.testcases.LoginTestMO" name="LoginApp" time="13.035"/>
  <system-out/>
  <testcase classname="com.qa.testcases.LoginTestMO" name="printTitle" time="1.529"/>
  <system-out/>
</testsuite> <!-- com.qa.testcases.LoginTestMO -->
